<?xml version="1.0" encoding="UTF-8"?>
<testsuite xmlns:xsi="http://www.w3.org/2001/XMLSchema-instance" xsi:noNamespaceSchemaLocation="https://maven.apache.org/surefire/maven-surefire-plugin/xsd/surefire-test-report-3.0.xsd" version="3.0" name="com.seumanoel.empacotamento.EmpacotamentoApplicationTests" time="2.95" tests="1" errors="0" skipped="0" failures="0">
  <properties>
[...]
</properties>
  <testcase name="contextLoads" classname="com.seumanoel.empacotamento.EmpacotamentoApplicationTests" time="0.38">
    <system-out><![CDATA[18:51:52.823 [main] DEBUG org.springframework.boot.test.context.SpringBootTestContextBootstrapper - Neither @ContextConfiguration nor @ContextHierarchy found for test class [EmpacotamentoApplicationTests]: using SpringBootContextLoader
18:51:52.827 [main] DEBUG org.springframework.test.context.support.AbstractContextLoader - Could not detect default resource locations for test class [com.seumanoel.empacotamento.EmpacotamentoApplicationTests]: no resource found for suffixes {-context.xml, Context.groovy}.
18:51:52.828 [main] INFO org.springframework.test.context.support.AnnotationConfigContextLoaderUtils - Could not detect default configuration classes for test class [com.seumanoel.empacotamento.EmpacotamentoApplicationTests]: EmpacotamentoApplicationTests does not declare any static, non-private, non-final, nested classes annotated with @Configuration.
18:51:52.848 [main] DEBUG org.springframework.boot.test.context.SpringBootTestContextBootstrapper - Using ContextCustomizers for test class [EmpacotamentoApplicationTests]: [ExcludeFilterContextCustomizer, DuplicateJsonObjectContextCustomizer, MockitoContextCustomizer, TestRestTemplateContextCustomizer, DisableObservabilityContextCustomizer, PropertyMappingContextCustomizer, Customizer]
18:51:52.921 [main] DEBUG org.springframework.context.annotation.ClassPathScanningCandidateComponentProvider - Identified candidate component class: file [C:\Users\furia\Desktop\empacotamento\empacotamento\target\classes\com\seumanoel\empacotamento\EmpacotamentoApplication.class]
18:51:52.925 [main] INFO org.springframework.boot.test.context.SpringBootTestContextBootstrapper - Found @SpringBootConfiguration com.seumanoel.empacotamento.EmpacotamentoApplication for test class com.seumanoel.empacotamento.EmpacotamentoApplicationTests
18:51:53.177 [main] DEBUG org.springframework.test.context.util.TestContextSpringFactoriesUtils - Skipping candidate TestExecutionListener [org.springframework.test.context.transaction.TransactionalTestExecutionListener] due to a missing dependency. Specify custom TestExecutionListener classes or make the default TestExecutionListener classes and their required dependencies available. Offending class: [org/springframework/transaction/interceptor/TransactionAttributeSource]
18:51:53.181 [main] DEBUG org.springframework.test.context.util.TestContextSpringFactoriesUtils - Skipping candidate TestExecutionListener [org.springframework.test.context.jdbc.SqlScriptsTestExecutionListener] due to a missing dependency. Specify custom TestExecutionListener classes or make the default TestExecutionListener classes and their required dependencies available. Offending class: [org/springframework/transaction/interceptor/TransactionAttribute]
18:51:53.184 [main] DEBUG org.springframework.boot.test.context.SpringBootTestContextBootstrapper - Using TestExecutionListeners for test class [EmpacotamentoApplicationTests]: [ServletTestExecutionListener, DirtiesContextBeforeModesTestExecutionListener, ApplicationEventsTestExecutionListener, MockitoTestExecutionListener, DependencyInjectionTestExecutionListener, DirtiesContextTestExecutionListener, EventPublishingTestExecutionListener, ResetMocksTestExecutionListener, RestDocsTestExecutionListener, MockRestServiceServerResetTestExecutionListener, MockMvcPrintOnlyOnFailureTestExecutionListener, WebDriverTestExecutionListener, MockWebServiceServerTestExecutionListener]
18:51:53.190 [main] DEBUG org.springframework.test.context.support.AbstractDirtiesContextTestExecutionListener - Before test class: class [EmpacotamentoApplicationTests], class annotated with @DirtiesContext [false] with mode [null]

  .   ____          _            __ _ _
 /\\ / ___'_ __ _ _(_)_ __  __ _ \ \ \ \
( ( )\___ | '_ | '_| | '_ \/ _` | \ \ \ \
 \\/  ___)| |_)| | | | | || (_| |  ) ) ) )
  '  |____| .__|_| |_|_| |_\__, | / / / /
 =========|_|==============|___/=/_/_/_/
 :: Spring Boot ::                (v3.0.0)

2025-05-22T18:51:53.634-03:00  INFO 13048 --- [           main] c.s.e.EmpacotamentoApplicationTests      : Starting EmpacotamentoApplicationTests using Java 17.0.15 with PID 13048 (started by furia in C:\Users\furia\Desktop\empacotamento\empacotamento)
2025-05-22T18:51:53.637-03:00  INFO 13048 --- [           main] c.s.e.EmpacotamentoApplicationTests      : No active profile set, falling back to 1 default profile: "default"
2025-05-22T18:51:54.518-03:00  WARN 13048 --- [           main] ocalVariableTableParameterNameDiscoverer : Using deprecated '-debug' fallback for parameter name resolution. Compile the affected code with '-parameters' instead or avoid its introspection: com.seumanoel.empacotamento.controller.PedidoController
2025-05-22T18:51:55.232-03:00  INFO 13048 --- [           main] c.s.e.EmpacotamentoApplicationTests      : Started EmpacotamentoApplicationTests in 1.975 seconds (process running for 3.002)
]]></system-out>
  </testcase>
</testsuite>